1770108403788	geckodriver	INFO	Listening on 127.0.0.1:52004
1770108406933	mozrunner::runner	INFO	Running command: "C:\\Users\\bilal\\.cache\\selenium\\firefox\\win64\\147.0.2\\firefox.exe" "--marionette" "--remote-debuggin ... 5" "--remote-allow-hosts" "localhost" "-no-remote" "-profile" "C:\\Users\\bilal\\AppData\\Local\\Temp\\rust_mozprofileii5Pvw"
console.warn: services.settings: Ignoring preference override of remote settings server
console.warn: services.settings: Allow by setting MOZ_REMOTE_SETTINGS_DEVTOOLS=1 in the environment
Dynamically enable window occlusion 0
1770108407592	Marionette	INFO	Marionette enabled
1770108407822	Marionette	INFO	Listening on port 52012
WebDriver BiDi listening on ws://127.0.0.1:52005
Read port: 52012
1770108407934	RemoteAgent	WARN	TLS certificate errors will be ignored for this session
[GFX1-]: Calling WaitFlushedEvent::Run: is delayed: 2004
1770108437879	Marionette	INFO	Stopped listening on port 52012
JavaScript error: resource://gre/modules/PrivateBrowsingUtils.sys.mjs, line 19: TypeError: can't access property "isChromeWindow", aWindow is null
Dynamically enable window occlusion 1
console.warn: TopSitesFeed: Failed to fetch data from MARS server: NetworkError when attempting to fetch resource.
JavaScript error: resource://gre/modules/UpdateService.sys.mjs, line 5603: 
1770108438090	addons.xpi	ERROR	System addon update list error [Exception... "<no message>"  nsresult: "0x8046001e (<unknown>)"  location: "JS frame :: resource://gre/modules/ServiceRequest.sys.mjs :: open :: line 126"  data: no]
console.error: (new Error("Polling for changes failed: .", "resource://services-settings/remote-settings.sys.mjs", 482))
console.error: Region.sys.mjs: "Error fetching region" (new TypeError("NetworkError when attempting to fetch resource.", "resource://gre/modules/Region.sys.mjs", 730))
console.error: Region.sys.mjs: "Failed to fetch region" (new Error("NO_RESULT", "resource://gre/modules/Region.sys.mjs", 396))
